<?xml version="1.0" encoding="UTF-8"?>
<!-- Generated by org.testng.reporters.JUnitReportReporter -->
<testsuite hostname="spectre" failures="0" tests="5" name="TestClasses" time="0.009" errors="0" timestamp="2024-02-13T14:37:36 IST" skipped="0">
  <testcase classname="TestClasses" name="TC5" time="0.000"/>
  <testcase classname="TestClasses" name="TC2" time="0.001"/>
  <testcase classname="TestClasses" name="TC1" time="0.008"/>
  <testcase classname="TestClasses" name="TC4" time="0.000"/>
  <testcase classname="TestClasses" name="TC3" time="0.000"/>
</testsuite> <!-- TestClasses -->
